<?xml version="1.0" encoding="UTF-8"?>
<testng-results skipped="0" failed="0" ignored="0" total="1" passed="1">
  <reporter-output>
  </reporter-output>
  <suite name="Default suite" duration-ms="3982" started-at="2022-04-01T11:39:28 EDT" finished-at="2022-04-01T11:39:32 EDT">
    <groups>
    </groups>
    <test name="Default test" duration-ms="3982" started-at="2022-04-01T11:39:28 EDT" finished-at="2022-04-01T11:39:32 EDT">
      <class name="test.Scenario2testngtest">
        <test-method status="PASS" signature="test()[pri:0, instance:test.Scenario2testngtest@15d0c81b]" name="test" duration-ms="3953" started-at="2022-04-01T11:39:28 EDT" finished-at="2022-04-01T11:39:32 EDT">
          <reporter-output>
          </reporter-output>
        </test-method> <!-- test -->
      </class> <!-- test.Scenario2testngtest -->
    </test> <!-- Default test -->
  </suite> <!-- Default suite -->
</testng-results>
